<?xml version="1.0" encoding="UTF-8"?>
<!-- Generated by org.testng.reporters.JUnitReportReporter -->
<testsuite hostname="LAPTOP-47NA6DSS" failures="0" tests="1" name="google.cicddemo.googleautomation" time="4.772" errors="0" timestamp="2024-02-12T16:58:39 IST" skipped="0">
  <testcase classname="google.cicddemo.googleautomation" name="launch" time="4.772"/>
  <system-out/>
</testsuite> <!-- google.cicddemo.googleautomation -->
